[debug] [2022-01-23T16:00:49.166Z] ----------------------------------------------------------------------
[debug] [2022-01-23T16:00:49.168Z] Command:       C:\Program Files\nodejs\node.exe C:\Users\Ankit\AppData\Roaming\npm\node_modules\firebase-tools\lib\bin\firebase.js login
[debug] [2022-01-23T16:00:49.168Z] CLI Version:   10.1.2
[debug] [2022-01-23T16:00:49.169Z] Platform:      win32
[debug] [2022-01-23T16:00:49.169Z] Node Version:  v16.10.0
[debug] [2022-01-23T16:00:49.170Z] Time:          Sun Jan 23 2022 21:30:49 GMT+0530 (India Standard Time)
[debug] [2022-01-23T16:00:49.170Z] ----------------------------------------------------------------------
[debug] 
[info] i  Firebase optionally collects CLI usage and error reporting information to help improve our products. Data is collected in accordance with Google's privacy policy (https://policies.google.com/privacy) and is not used to identify you.
 
[info] i  To change your data collection preference at any time, run `firebase logout` and log in again. 
[info] 
[info] Visit this URL on this device to log in:
[info] https://accounts.google.com/o/oauth2/auth?client_id=563584335869-fgrhgmd47bqnekij5i8b5pr03ho849e6.apps.googleusercontent.com&scope=email%20openid%20https%3A%2F%2Fwww.googleapis.com%2Fauth%2Fcloudplatformprojects.readonly%20https%3A%2F%2Fwww.googleapis.com%2Fauth%2Ffirebase%20https%3A%2F%2Fwww.googleapis.com%2Fauth%2Fcloud-platform&response_type=code&state=121179408&redirect_uri=http%3A%2F%2Flocalhost%3A9005
[info] 
[info] Waiting for authentication...
[debug] [2022-01-23T16:00:54.124Z] Error: spawn cmd ENOENT
    at Process.ChildProcess._handle.onexit (node:internal/child_process:282:19)
    at onErrorNT (node:internal/child_process:477:16)
    at processTicksAndRejections (node:internal/process/task_queues:83:21)
[error] 
[error] Error: An unexpected error has occurred.
